==7707== Memcheck, a memory error detector
==7707== Copyright (C) 2002-2017, and GNU GPL'd, by Julian Seward et al.
==7707== Using Valgrind-3.13.0 and LibVEX; rerun with -h for copyright info
==7707== Command: ./rlg327
==7707== Parent PID: 7681
==7707== 
==7707== 
==7707== HEAP SUMMARY:
==7707==     in use at exit: 139,511 bytes in 342 blocks
==7707==   total heap usage: 182,392 allocs, 182,050 frees, 4,156,747 bytes allocated
==7707== 
==7707== LEAK SUMMARY:
==7707==    definitely lost: 0 bytes in 0 blocks
==7707==    indirectly lost: 0 bytes in 0 blocks
==7707==      possibly lost: 0 bytes in 0 blocks
==7707==    still reachable: 139,511 bytes in 342 blocks
==7707==         suppressed: 0 bytes in 0 blocks
==7707== Rerun with --leak-check=full to see details of leaked memory
==7707== 
==7707== For counts of detected and suppressed errors, rerun with: -v
==7707== ERROR SUMMARY: 0 errors from 0 contexts (suppressed: 0 from 0)
